<?xml version="1.0" encoding="UTF-8"?>
<!-- Generated by org.testng.reporters.JUnitXMLReporter -->
<testsuite hostname="PUNGUPTA.local" ignored="0" name="Default test" tests="1" failures="1" timestamp="11 May 2017 12:46:06 GMT" time="192.547" errors="0">
  <testcase name="testMarketplacePrice" time="191.561" classname="com.appdirect.automatePricing.AutomatePrices">
    <failure type="com.google.api.client.auth.oauth2.TokenResponseException" message="401 Unauthorized">
      <![CDATA[com.google.api.client.auth.oauth2.TokenResponseException: 401 Unauthorized
	at com.google.api.client.auth.oauth2.TokenResponseException.from(TokenResponseException.java:105)
	at com.google.api.client.auth.oauth2.TokenRequest.executeUnparsed(TokenRequest.java:287)
	at com.google.api.client.auth.oauth2.TokenRequest.execute(TokenRequest.java:307)
	at com.google.api.client.auth.oauth2.Credential.executeRefreshToken(Credential.java:570)
	at com.google.api.client.auth.oauth2.Credential.refreshToken(Credential.java:489)
	at com.google.api.client.auth.oauth2.Credential.intercept(Credential.java:217)
	at com.google.api.client.http.HttpRequest.execute(HttpRequest.java:868)
	at com.google.api.client.googleapis.media.MediaHttpUploader.executeCurrentRequestWithoutGZip(MediaHttpUploader.java:545)
	at com.google.api.client.googleapis.media.MediaHttpUploader.executeCurrentRequest(MediaHttpUploader.java:562)
	at com.google.api.client.googleapis.media.MediaHttpUploader.executeUploadInitiation(MediaHttpUploader.java:519)
	at com.google.api.client.googleapis.media.MediaHttpUploader.resumableUpload(MediaHttpUploader.java:384)
	at com.google.api.client.googleapis.media.MediaHttpUploader.upload(MediaHttpUploader.java:336)
	at com.google.api.client.googleapis.services.AbstractGoogleClientRequest.executeUnparsed(AbstractGoogleClientRequest.java:427)
	at com.google.api.client.googleapis.services.AbstractGoogleClientRequest.executeUnparsed(AbstractGoogleClientRequest.java:352)
	at com.google.api.client.googleapis.services.AbstractGoogleClientRequest.execute(AbstractGoogleClientRequest.java:469)
	at com.appdirect.sendbydrive.GoogleDriveAccess.googleDrive(GoogleDriveAccess.java:86)
	at com.appdirect.microsoft.pages.HomePage.gotoProfile(HomePage.java:63)
	at com.appdirect.automatePricing.AutomatePrices.testMarketplacePrice(AutomatePrices.java:43)
	at sun.reflect.NativeMethodAccessorImpl.invoke0(Native Method)
	at sun.reflect.NativeMethodAccessorImpl.invoke(NativeMethodAccessorImpl.java:62)
	at sun.reflect.DelegatingMethodAccessorImpl.invoke(DelegatingMethodAccessorImpl.java:43)
	at java.lang.reflect.Method.invoke(Method.java:498)
	at org.testng.internal.MethodInvocationHelper.invokeMethod(MethodInvocationHelper.java:108)
	at org.testng.internal.Invoker.invokeMethod(Invoker.java:661)
	at org.testng.internal.Invoker.invokeTestMethod(Invoker.java:869)
	at org.testng.internal.Invoker.invokeTestMethods(Invoker.java:1193)
	at org.testng.internal.TestMethodWorker.invokeTestMethods(TestMethodWorker.java:126)
	at org.testng.internal.TestMethodWorker.run(TestMethodWorker.java:109)
	at org.testng.TestRunner.privateRun(TestRunner.java:744)
	at org.testng.TestRunner.run(TestRunner.java:602)
	at org.testng.SuiteRunner.runTest(SuiteRunner.java:380)
	at org.testng.SuiteRunner.runSequentially(SuiteRunner.java:375)
	at org.testng.SuiteRunner.privateRun(SuiteRunner.java:340)
	at org.testng.SuiteRunner.run(SuiteRunner.java:289)
	at org.testng.SuiteRunnerWorker.runSuite(SuiteRunnerWorker.java:52)
	at org.testng.SuiteRunnerWorker.run(SuiteRunnerWorker.java:86)
	at org.testng.TestNG.runSuitesSequentially(TestNG.java:1301)
	at org.testng.TestNG.runSuitesLocally(TestNG.java:1226)
	at org.testng.TestNG.runSuites(TestNG.java:1144)
	at org.testng.TestNG.run(TestNG.java:1115)
	at org.testng.remote.AbstractRemoteTestNG.run(AbstractRemoteTestNG.java:132)
	at org.testng.remote.RemoteTestNG.initAndRun(RemoteTestNG.java:230)
	at org.testng.remote.RemoteTestNG.main(RemoteTestNG.java:76)
]]>
    </failure>
  </testcase> <!-- testMarketplacePrice -->
</testsuite> <!-- Default test -->
