<?xml version="1.0" encoding="UTF-8"?>
<testng-results skipped="0" failed="0" ignored="0" total="0" passed="0">
  <reporter-output>
  </reporter-output>
  <suite name="listener.TestListener" duration-ms="3" started-at="2017-05-11T10:45:03Z" finished-at="2017-05-11T10:45:03Z">
    <groups>
    </groups>
    <test name="Command line test" duration-ms="3" started-at="2017-05-11T10:45:03Z" finished-at="2017-05-11T10:45:03Z">
    </test> <!-- Command line test -->
  </suite> <!-- listener.TestListener -->
</testng-results>
