<?xml version="1.0" encoding="UTF-8"?>
<testng-results skipped="0" failed="1" ignored="0" total="1" passed="0">
  <reporter-output>
    <line>
      <![CDATA[Credentials saved to /Users/nikhil.gupta/.credentials/1/sheets.googleapis.com-java-quickstart]]>
    </line>
    <line>
      <![CDATA[Credentials saved to /Users/nikhil.gupta/.credentials/1/sheets.googleapis.com-java-quickstart]]>
    </line>
    <line>
      <![CDATA[Credentials saved to /Users/nikhil.gupta/.credentials/1/sheets.googleapis.com-java-quickstart]]>
    </line>
    <line>
      <![CDATA[Credentials saved to /Users/nikhil.gupta/.credentials/1/sheets.googleapis.com-java-quickstart]]>
    </line>
    <line>
      <![CDATA[Total rows=155
]]>
    </line>
    <line>
      <![CDATA[Total rows=368
]]>
    </line>
    <line>
      <![CDATA[1	Skype for Business Online (Plan 2)	14c61739-b45a-42c0-832c-d330972d3173	5.50	4.60	7.00	4.20	NON-SPECIFIC	115631]]>
    </line>
    <line>
      <![CDATA[2	Exchange Online Plan 1	195416c1-3447-423a-b37b-ee59a99a19c4	4.00	3.40	5.10	3.00	NON-SPECIFIC	115611]]>
    </line>
    <line>
      <![CDATA[3	Exchange Online Protection	d903a2db-bf6f-4434-83f1-21ba44017813	1.00	0.90	1.30	0.80	NON-SPECIFIC	135632]]>
    </line>
    <line>
      <![CDATA[4	SharePoint Online (Plan 1)	ff7a4f5b-4973-4241-8c43-80f2be39311d	5.00	4.20	6.40	3.80	NON-SPECIFIC	115627]]>
    </line>
    <line>
      <![CDATA[5	Windows 10 Enterprise E5	f7f342b3-177c-41f2-8896-7b06c54fc977	14.00	13.80	18.80	12.30	NON-SPECIFIC	144996]]>
    </line>
    <line>
      <![CDATA[6	Office 365 ProPlus	be57ff4c-100c-4f1f-b82d-f1c5ab63a665	12.00	12.90	17.40	11.50	NON-SPECIFIC	115659]]>
    </line>
    <line>
      <![CDATA[7	Windows 10 Enterprise E3	62F28745-3F17-4337-BE15-EA4B8C8DC872	7.00	5.90	8.90	5.30	NON-SPECIFIC	144996]]>
    </line>
    <line>
      <![CDATA[8	OneDrive for Business (Plan 2)	bf1f6907-1f8e-4f05-b327-4896d1395c15	10.00	8.40	12.70	7.50	NON-SPECIFIC	119479]]>
    </line>
    <line>
      <![CDATA[9	Visio Pro for Office 365	b4d4b7f4-4089-43b6-9c44-de97b760fb11	13.00	11.00	16.60	9.80	NON-SPECIFIC	89115]]>
    </line>
    <line>
      <![CDATA[10	Office 365 Enterprise E4	8909e28e-5832-42f4-9886-b0a5545f3645	22.00	21.60	29.60	19.30	NON-SPECIFIC	115659]]>
    </line>
    <line>
      <![CDATA[11	Office 365 Business	5c9fd4cc-edce-44a8-8e91-07df09744609	8.30	8.80	12.00	7.90	NON-SPECIFIC	115619]]>
    </line>
    <line>
      <![CDATA[12	Exchange Online Plan 2	2f707c7c-2433-49a5-a437-9ca7cf40d3eb	8.00	6.80	10.20	6.00	NON-SPECIFIC	115611]]>
    </line>
    <line>
      <![CDATA[13	Office 365 Enterprise E1	91fd106f-4b2c-4938-95ac-f54f74e9a239	8.00	6.80	10.20	6.00	NON-SPECIFIC	115659]]>
    </line>
    <line>
      <![CDATA[14	SharePoint Online (Plan 2)	69c67983-cf78-4102-83f6-3e5fd246864f	10.00	8.40	12.70	7.50	NON-SPECIFIC	115627]]>
    </line>
    <line>
      <![CDATA[15	Office 365 Business Premium	031c9e47-4802-4248-838e-778fb1d2cc05	12.50	10.60	15.90	9.40	NON-SPECIFIC	115619]]>
    </line>
    <line>
      <![CDATA[16	Office 365 Business Essentials	bd938f12-058f-4927-bba3-ae36b1d2501c	5.00	4.20	6.40	3.80	NON-SPECIFIC	115619]]>
    </line>
    <line>
      <![CDATA[17	Power BI Pro	800f4f3b-cfe1-42c1-9cea-675512810488	10.00	8.40	12.70	7.50	NON-SPECIFIC	115623]]>
    </line>
    <line>
      <![CDATA[18	Office 365 Enterprise E3	796b6b5f-613c-4e24-a17c-eba730d49c02	20.00	19.70	26.90	17.60	NON-SPECIFIC	115659]]>
    </line>
    <line>
      <![CDATA[19	Skype for Business Online (Plan 1)	aca0c06c-890d-4abb-83cf-bc519a2565e5	2.00	1.70	2.60	1.50	NON-SPECIFIC	115631]]>
    </line>
    <line>
      <![CDATA[20	OneDrive for Business (Plan 1)	90d3615e-aa96-478e-b6ce-8eb1e9a96b4b	5.00	4.20	6.40	3.80	NON-SPECIFIC	119479]]>
    </line>
    <line>
      <![CDATA[21	Office 365 Enterprise E5	a044b16a-1861-4308-8086-a3a3b506fac2	35.00	34.40	47.00	30.80	NON-SPECIFIC	115659]]>
    </line>
    <line>
      <![CDATA[2017-05-11 18:13:10.782	[Info]	Clicked log in button on Home Page]]>
    </line>
    <line>
      <![CDATA[2017-05-11 18:13:11.183	[Info]	Clicked Log In button on Login Page]]>
    </line>
    <line>
      <![CDATA[

115631]]>
    </line>
    <line>
      <![CDATA[2017-05-11 18:13:11.184	[Info]	
1	Opening: Skype for Business Online (Plan 2)
Offer id:14c61739-b45a-42c0-832c-d330972d3173]]>
    </line>
    <line>
      <![CDATA[Edition Not Found]]>
    </line>
    <line>
      <![CDATA[

115611]]>
    </line>
    <line>
      <![CDATA[2017-05-11 18:13:22.601	[Info]	
2	Opening: Exchange Online Plan 1
Offer id:195416c1-3447-423a-b37b-ee59a99a19c4]]>
    </line>
    <line>
      <![CDATA[Exchange Online Plan 1]]>
    </line>
    <line>
      <![CDATA[Id matching]]>
    </line>
    <line>
      <![CDATA[USD	[OLD VALUE] : 4  [NEW VALUE] :4.00]]>
    </line>
    <line>
      <![CDATA[EUR	[OLD VALUE] : 0  [NEW VALUE] :3.40]]>
    </line>
    <line>
      <![CDATA[GBP	[OLD VALUE] : 0  [NEW VALUE] :3.00]]>
    </line>
    <line>
      <![CDATA[AUD	[OLD VALUE] : 0  [NEW VALUE] :5.10]]>
    </line>
    <line>
      <![CDATA[Prices are changed for EUR,GBP,AUD]]>
    </line>
    <line>
      <![CDATA[

135632]]>
    </line>
    <line>
      <![CDATA[2017-05-11 18:13:30.689	[Info]	
3	Opening: Exchange Online Protection
Offer id:d903a2db-bf6f-4434-83f1-21ba44017813]]>
    </line>
    <line>
      <![CDATA[Exchange Online Protection]]>
    </line>
    <line>
      <![CDATA[Id matching]]>
    </line>
    <line>
      <![CDATA[USD	[OLD VALUE] : 1  [NEW VALUE] :1.00]]>
    </line>
    <line>
      <![CDATA[EUR	[OLD VALUE] : 0  [NEW VALUE] :0.90]]>
    </line>
    <line>
      <![CDATA[GBP	[OLD VALUE] : 0  [NEW VALUE] :0.80]]>
    </line>
    <line>
      <![CDATA[AUD	[OLD VALUE] : 0  [NEW VALUE] :1.30]]>
    </line>
    <line>
      <![CDATA[Prices are changed for EUR,GBP,AUD]]>
    </line>
    <line>
      <![CDATA[

115627]]>
    </line>
    <line>
      <![CDATA[2017-05-11 18:13:40.803	[Info]	
4	Opening: SharePoint Online (Plan 1)
Offer id:ff7a4f5b-4973-4241-8c43-80f2be39311d]]>
    </line>
    <line>
      <![CDATA[SharePoint Online (Plan 1)]]>
    </line>
    <line>
      <![CDATA[Id matching]]>
    </line>
    <line>
      <![CDATA[USD	[OLD VALUE] : 5  [NEW VALUE] :5.00]]>
    </line>
    <line>
      <![CDATA[EUR	[OLD VALUE] : 10  [NEW VALUE] :4.20]]>
    </line>
    <line>
      <![CDATA[GBP	[OLD VALUE] : 10  [NEW VALUE] :3.80]]>
    </line>
    <line>
      <![CDATA[AUD	[OLD VALUE] : 10  [NEW VALUE] :6.40]]>
    </line>
    <line>
      <![CDATA[Prices are changed for EUR,GBP,AUD]]>
    </line>
    <line>
      <![CDATA[

144996]]>
    </line>
    <line>
      <![CDATA[2017-05-11 18:13:50.173	[Info]	
5	Opening: Windows 10 Enterprise E5
Offer id:f7f342b3-177c-41f2-8896-7b06c54fc977]]>
    </line>
    <line>
      <![CDATA[Windows 10 Enterprise E5]]>
    </line>
    <line>
      <![CDATA[Id matching]]>
    </line>
    <line>
      <![CDATA[USD	[OLD VALUE] : 14  [NEW VALUE] :14.00]]>
    </line>
    <line>
      <![CDATA[EUR	[OLD VALUE] : 0  [NEW VALUE] :13.80]]>
    </line>
    <line>
      <![CDATA[GBP	[OLD VALUE] : 0  [NEW VALUE] :12.30]]>
    </line>
    <line>
      <![CDATA[AUD	[OLD VALUE] : 0  [NEW VALUE] :18.80]]>
    </line>
    <line>
      <![CDATA[Prices are changed for EUR,GBP,AUD]]>
    </line>
    <line>
      <![CDATA[

115659]]>
    </line>
    <line>
      <![CDATA[2017-05-11 18:13:58.425	[Info]	
6	Opening: Office 365 ProPlus
Offer id:be57ff4c-100c-4f1f-b82d-f1c5ab63a665]]>
    </line>
    <line>
      <![CDATA[Office 365 ProPlus]]>
    </line>
    <line>
      <![CDATA[Id matching]]>
    </line>
    <line>
      <![CDATA[USD	[OLD VALUE] : 12  [NEW VALUE] :12.00]]>
    </line>
    <line>
      <![CDATA[EUR	[OLD VALUE] : 0  [NEW VALUE] :12.90]]>
    </line>
    <line>
      <![CDATA[GBP	[OLD VALUE] : 0  [NEW VALUE] :11.50]]>
    </line>
    <line>
      <![CDATA[AUD	[OLD VALUE] : 0  [NEW VALUE] :17.40]]>
    </line>
    <line>
      <![CDATA[Prices are changed for EUR,GBP,AUD]]>
    </line>
    <line>
      <![CDATA[

144996]]>
    </line>
    <line>
      <![CDATA[2017-05-11 18:14:07.123	[Info]	
7	Opening: Windows 10 Enterprise E3
Offer id:62F28745-3F17-4337-BE15-EA4B8C8DC872]]>
    </line>
    <line>
      <![CDATA[Windows 10 Enterprise E3]]>
    </line>
    <line>
      <![CDATA[Id matching]]>
    </line>
    <line>
      <![CDATA[USD	[OLD VALUE] : 7  [NEW VALUE] :7.00]]>
    </line>
    <line>
      <![CDATA[EUR	[OLD VALUE] : 0  [NEW VALUE] :5.90]]>
    </line>
    <line>
      <![CDATA[GBP	[OLD VALUE] : 0  [NEW VALUE] :5.30]]>
    </line>
    <line>
      <![CDATA[AUD	[OLD VALUE] : 0  [NEW VALUE] :8.90]]>
    </line>
    <line>
      <![CDATA[Prices are changed for EUR,GBP,AUD]]>
    </line>
    <line>
      <![CDATA[

119479]]>
    </line>
    <line>
      <![CDATA[2017-05-11 18:14:15.911	[Info]	
8	Opening: OneDrive for Business (Plan 2)
Offer id:bf1f6907-1f8e-4f05-b327-4896d1395c15]]>
    </line>
    <line>
      <![CDATA[OneDrive for Business (Plan 2)]]>
    </line>
    <line>
      <![CDATA[Id matching]]>
    </line>
    <line>
      <![CDATA[USD	[OLD VALUE] : 10  [NEW VALUE] :10.00]]>
    </line>
    <line>
      <![CDATA[EUR	[OLD VALUE] : 0  [NEW VALUE] :8.40]]>
    </line>
    <line>
      <![CDATA[GBP	[OLD VALUE] : 0  [NEW VALUE] :7.50]]>
    </line>
    <line>
      <![CDATA[AUD	[OLD VALUE] : 0  [NEW VALUE] :12.70]]>
    </line>
    <line>
      <![CDATA[Prices are changed for EUR,GBP,AUD]]>
    </line>
    <line>
      <![CDATA[

89115]]>
    </line>
    <line>
      <![CDATA[2017-05-11 18:14:23.92	[Info]	
9	Opening: Visio Pro for Office 365
Offer id:b4d4b7f4-4089-43b6-9c44-de97b760fb11]]>
    </line>
    <line>
      <![CDATA[Visio Pro for Office 365]]>
    </line>
    <line>
      <![CDATA[Id matching]]>
    </line>
    <line>
      <![CDATA[USD	[OLD VALUE] : 13  [NEW VALUE] :13.00]]>
    </line>
    <line>
      <![CDATA[EUR	[OLD VALUE] : 0  [NEW VALUE] :11.00]]>
    </line>
    <line>
      <![CDATA[GBP	[OLD VALUE] : 0  [NEW VALUE] :9.80]]>
    </line>
    <line>
      <![CDATA[AUD	[OLD VALUE] : 0  [NEW VALUE] :16.60]]>
    </line>
    <line>
      <![CDATA[Prices are changed for EUR,GBP,AUD]]>
    </line>
    <line>
      <![CDATA[

115659]]>
    </line>
    <line>
      <![CDATA[2017-05-11 18:14:32.534	[Info]	
10	Opening: Office 365 Enterprise E4
Offer id:8909e28e-5832-42f4-9886-b0a5545f3645]]>
    </line>
    <line>
      <![CDATA[Office 365 Enterprise E4]]>
    </line>
    <line>
      <![CDATA[Id matching]]>
    </line>
    <line>
      <![CDATA[USD	[OLD VALUE] : 22  [NEW VALUE] :22.00]]>
    </line>
    <line>
      <![CDATA[EUR	[OLD VALUE] : 0  [NEW VALUE] :21.60]]>
    </line>
    <line>
      <![CDATA[GBP	[OLD VALUE] : 0  [NEW VALUE] :19.30]]>
    </line>
    <line>
      <![CDATA[AUD	[OLD VALUE] : 0  [NEW VALUE] :29.60]]>
    </line>
    <line>
      <![CDATA[Prices are changed for EUR,GBP,AUD]]>
    </line>
    <line>
      <![CDATA[

115619]]>
    </line>
    <line>
      <![CDATA[2017-05-11 18:14:41.406	[Info]	
11	Opening: Office 365 Business
Offer id:5c9fd4cc-edce-44a8-8e91-07df09744609]]>
    </line>
    <line>
      <![CDATA[Office 365 Business]]>
    </line>
    <line>
      <![CDATA[Id matching]]>
    </line>
    <line>
      <![CDATA[USD	[OLD VALUE] : 8.3  [NEW VALUE] :8.30]]>
    </line>
    <line>
      <![CDATA[EUR	[OLD VALUE] : 0  [NEW VALUE] :8.80]]>
    </line>
    <line>
      <![CDATA[GBP	[OLD VALUE] : 0  [NEW VALUE] :7.90]]>
    </line>
    <line>
      <![CDATA[AUD	[OLD VALUE] : 0  [NEW VALUE] :12.00]]>
    </line>
    <line>
      <![CDATA[Prices are changed for EUR,GBP,AUD]]>
    </line>
    <line>
      <![CDATA[

115611]]>
    </line>
    <line>
      <![CDATA[2017-05-11 18:14:50.49	[Info]	
12	Opening: Exchange Online Plan 2
Offer id:2f707c7c-2433-49a5-a437-9ca7cf40d3eb]]>
    </line>
    <line>
      <![CDATA[Exchange Online Plan 2]]>
    </line>
    <line>
      <![CDATA[Id matching]]>
    </line>
    <line>
      <![CDATA[USD	[OLD VALUE] : 8  [NEW VALUE] :8.00]]>
    </line>
    <line>
      <![CDATA[EUR	[OLD VALUE] : 0  [NEW VALUE] :6.80]]>
    </line>
    <line>
      <![CDATA[GBP	[OLD VALUE] : 0  [NEW VALUE] :6.00]]>
    </line>
    <line>
      <![CDATA[AUD	[OLD VALUE] : 0  [NEW VALUE] :10.20]]>
    </line>
    <line>
      <![CDATA[Prices are changed for EUR,GBP,AUD]]>
    </line>
    <line>
      <![CDATA[

115659]]>
    </line>
    <line>
      <![CDATA[2017-05-11 18:14:59.313	[Info]	
13	Opening: Office 365 Enterprise E1
Offer id:91fd106f-4b2c-4938-95ac-f54f74e9a239]]>
    </line>
    <line>
      <![CDATA[Office 365 Enterprise E1]]>
    </line>
    <line>
      <![CDATA[Id matching]]>
    </line>
    <line>
      <![CDATA[USD	[OLD VALUE] : 8  [NEW VALUE] :8.00]]>
    </line>
    <line>
      <![CDATA[EUR	[OLD VALUE] : 0  [NEW VALUE] :6.80]]>
    </line>
    <line>
      <![CDATA[GBP	[OLD VALUE] : 0  [NEW VALUE] :6.00]]>
    </line>
    <line>
      <![CDATA[AUD	[OLD VALUE] : 0  [NEW VALUE] :10.20]]>
    </line>
    <line>
      <![CDATA[Prices are changed for EUR,GBP,AUD]]>
    </line>
    <line>
      <![CDATA[

115627]]>
    </line>
    <line>
      <![CDATA[2017-05-11 18:15:08.045	[Info]	
14	Opening: SharePoint Online (Plan 2)
Offer id:69c67983-cf78-4102-83f6-3e5fd246864f]]>
    </line>
    <line>
      <![CDATA[SharePoint Online (Plan 2)]]>
    </line>
    <line>
      <![CDATA[Id matching]]>
    </line>
    <line>
      <![CDATA[USD	[OLD VALUE] : 10  [NEW VALUE] :10.00]]>
    </line>
    <line>
      <![CDATA[EUR	[OLD VALUE] : 0  [NEW VALUE] :8.40]]>
    </line>
    <line>
      <![CDATA[GBP	[OLD VALUE] : 0  [NEW VALUE] :7.50]]>
    </line>
    <line>
      <![CDATA[AUD	[OLD VALUE] : 0  [NEW VALUE] :12.70]]>
    </line>
    <line>
      <![CDATA[Prices are changed for EUR,GBP,AUD]]>
    </line>
    <line>
      <![CDATA[

115619]]>
    </line>
    <line>
      <![CDATA[2017-05-11 18:15:16.723	[Info]	
15	Opening: Office 365 Business Premium
Offer id:031c9e47-4802-4248-838e-778fb1d2cc05]]>
    </line>
    <line>
      <![CDATA[Office 365 Business Premium]]>
    </line>
    <line>
      <![CDATA[Id matching]]>
    </line>
    <line>
      <![CDATA[USD	[OLD VALUE] : 12.5  [NEW VALUE] :12.50]]>
    </line>
    <line>
      <![CDATA[EUR	[OLD VALUE] : 0  [NEW VALUE] :10.60]]>
    </line>
    <line>
      <![CDATA[GBP	[OLD VALUE] : 0  [NEW VALUE] :9.40]]>
    </line>
    <line>
      <![CDATA[AUD	[OLD VALUE] : 0  [NEW VALUE] :15.90]]>
    </line>
    <line>
      <![CDATA[Prices are changed for EUR,GBP,AUD]]>
    </line>
    <line>
      <![CDATA[

115619]]>
    </line>
    <line>
      <![CDATA[2017-05-11 18:15:25.363	[Info]	
16	Opening: Office 365 Business Essentials
Offer id:bd938f12-058f-4927-bba3-ae36b1d2501c]]>
    </line>
    <line>
      <![CDATA[Office 365 Business Essentials]]>
    </line>
    <line>
      <![CDATA[Id matching]]>
    </line>
    <line>
      <![CDATA[USD	[OLD VALUE] : 5  [NEW VALUE] :5.00]]>
    </line>
    <line>
      <![CDATA[EUR	[OLD VALUE] : 0  [NEW VALUE] :4.20]]>
    </line>
    <line>
      <![CDATA[GBP	[OLD VALUE] : 0  [NEW VALUE] :3.80]]>
    </line>
    <line>
      <![CDATA[AUD	[OLD VALUE] : 0  [NEW VALUE] :6.40]]>
    </line>
    <line>
      <![CDATA[Prices are changed for EUR,GBP,AUD]]>
    </line>
    <line>
      <![CDATA[

115623]]>
    </line>
    <line>
      <![CDATA[2017-05-11 18:15:35.302	[Info]	
17	Opening: Power BI Pro
Offer id:800f4f3b-cfe1-42c1-9cea-675512810488]]>
    </line>
    <line>
      <![CDATA[Power BI Pro]]>
    </line>
    <line>
      <![CDATA[Id matching]]>
    </line>
    <line>
      <![CDATA[USD	[OLD VALUE] : 10  [NEW VALUE] :10.00]]>
    </line>
    <line>
      <![CDATA[EUR	[OLD VALUE] : 10  [NEW VALUE] :8.40]]>
    </line>
    <line>
      <![CDATA[GBP	[OLD VALUE] : 10  [NEW VALUE] :7.50]]>
    </line>
    <line>
      <![CDATA[AUD	[OLD VALUE] : 10  [NEW VALUE] :12.70]]>
    </line>
    <line>
      <![CDATA[Prices are changed for EUR,GBP,AUD]]>
    </line>
    <line>
      <![CDATA[

115659]]>
    </line>
    <line>
      <![CDATA[2017-05-11 18:15:43.798	[Info]	
18	Opening: Office 365 Enterprise E3
Offer id:796b6b5f-613c-4e24-a17c-eba730d49c02]]>
    </line>
    <line>
      <![CDATA[Office 365 Enterprise E3]]>
    </line>
    <line>
      <![CDATA[Id matching]]>
    </line>
    <line>
      <![CDATA[USD	[OLD VALUE] : 20  [NEW VALUE] :20.00]]>
    </line>
    <line>
      <![CDATA[EUR	[OLD VALUE] : 0  [NEW VALUE] :19.70]]>
    </line>
    <line>
      <![CDATA[GBP	[OLD VALUE] : 0  [NEW VALUE] :17.60]]>
    </line>
    <line>
      <![CDATA[AUD	[OLD VALUE] : 0  [NEW VALUE] :26.90]]>
    </line>
    <line>
      <![CDATA[Prices are changed for EUR,GBP,AUD]]>
    </line>
    <line>
      <![CDATA[

115631]]>
    </line>
    <line>
      <![CDATA[2017-05-11 18:15:52.487	[Info]	
19	Opening: Skype for Business Online (Plan 1)
Offer id:aca0c06c-890d-4abb-83cf-bc519a2565e5]]>
    </line>
    <line>
      <![CDATA[Edition Not Found]]>
    </line>
    <line>
      <![CDATA[

119479]]>
    </line>
    <line>
      <![CDATA[2017-05-11 18:15:59.265	[Info]	
20	Opening: OneDrive for Business (Plan 1)
Offer id:90d3615e-aa96-478e-b6ce-8eb1e9a96b4b]]>
    </line>
    <line>
      <![CDATA[2017-05-11 18:16:02.822	[Exception]	Skipped: Page Load Failurestale element reference: element is not attached to the page document
  (Session info: chrome=57.0.2987.133)
  (Driver info: chromedriver=2.28.455517 (2c6d2707d8ea850c862f04ac066724273981e88f),platform=Mac OS X 10.11.6 x86_64) (WARNING: The server did not provide any stacktrace information)
Command duration or timeout: 61 milliseconds
For documentation on this error, please visit: http://seleniumhq.org/exceptions/stale_element_reference.html
Build info: version: '3.3.1', revision: '5234b325d5', time: '2017-03-10 09:10:29 +0000'
System info: host: 'PUNGUPTA.local', ip: 'fe80:0:0:0:4e32:75ff:fe9d:6ea9%en0', os.name: 'Mac OS X', os.arch: 'x86_64', os.version: '10.11.6', java.version: '1.8.0_121'
Driver info: org.openqa.selenium.chrome.ChromeDriver
Capabilities [{applicationCacheEnabled=false, rotatable=false, mobileEmulationEnabled=false, networkConnectionEnabled=false, chrome={chromedriverVersion=2.28.455517 (2c6d2707d8ea850c862f04ac066724273981e88f), userDataDir=/var/folders/sj/zs2h_5hn12bf_5_kbspwy2s167z4_1/T/.org.chromium.Chromium.rSewlg}, takesHeapSnapshot=true, pageLoadStrategy=normal, databaseEnabled=false, handlesAlerts=true, hasTouchScreen=false, version=57.0.2987.133, platform=MAC, browserConnectionEnabled=false, nativeEvents=true, acceptSslCerts=true, locationContextEnabled=true, webStorageEnabled=true, browserName=chrome, takesScreenshot=true, javascriptEnabled=true, cssSelectorsEnabled=true, unexpectedAlertBehaviour=}]
Session ID: 5874b276fad553cd733c749c21617759]]>
    </line>
    <line>
      <![CDATA[Edition Not Found]]>
    </line>
    <line>
      <![CDATA[

115659]]>
    </line>
    <line>
      <![CDATA[2017-05-11 18:16:02.823	[Info]	
21	Opening: Office 365 Enterprise E5
Offer id:a044b16a-1861-4308-8086-a3a3b506fac2]]>
    </line>
    <line>
      <![CDATA[Edition Not Found]]>
    </line>
    <line>
      <![CDATA[2017-05-11 18:16:06.173	[Info]	
Total Editions= 368 Edition with App Id=21 Editions Found= 18]]>
    </line>
    <line>
      <![CDATA[CSV file was created successfully !!!]]>
    </line>
  </reporter-output>
  <suite name="Default suite" duration-ms="192547" started-at="2017-05-11T12:42:54Z" finished-at="2017-05-11T12:46:06Z">
    <groups>
    </groups>
    <test name="Default test" duration-ms="192547" started-at="2017-05-11T12:42:54Z" finished-at="2017-05-11T12:46:06Z">
      <class name="com.appdirect.automatePricing.AutomatePrices">
        <test-method status="PASS" signature="sheetAccess()[pri:0, instance:com.appdirect.automatePricing.AutomatePrices@72d818d1]" name="sheetAccess" is-config="true" duration-ms="7703" started-at="2017-05-11T18:12:46Z" finished-at="2017-05-11T18:12:54Z">
          <reporter-output>
            <line>
              <![CDATA[Credentials saved to /Users/nikhil.gupta/.credentials/1/sheets.googleapis.com-java-quickstart]]>
            </line>
            <line>
              <![CDATA[Credentials saved to /Users/nikhil.gupta/.credentials/1/sheets.googleapis.com-java-quickstart]]>
            </line>
            <line>
              <![CDATA[Credentials saved to /Users/nikhil.gupta/.credentials/1/sheets.googleapis.com-java-quickstart]]>
            </line>
            <line>
              <![CDATA[Credentials saved to /Users/nikhil.gupta/.credentials/1/sheets.googleapis.com-java-quickstart]]>
            </line>
            <line>
              <![CDATA[Total rows=155
]]>
            </line>
            <line>
              <![CDATA[Total rows=368
]]>
            </line>
            <line>
              <![CDATA[1	Skype for Business Online (Plan 2)	14c61739-b45a-42c0-832c-d330972d3173	5.50	4.60	7.00	4.20	NON-SPECIFIC	115631]]>
            </line>
            <line>
              <![CDATA[2	Exchange Online Plan 1	195416c1-3447-423a-b37b-ee59a99a19c4	4.00	3.40	5.10	3.00	NON-SPECIFIC	115611]]>
            </line>
            <line>
              <![CDATA[3	Exchange Online Protection	d903a2db-bf6f-4434-83f1-21ba44017813	1.00	0.90	1.30	0.80	NON-SPECIFIC	135632]]>
            </line>
            <line>
              <![CDATA[4	SharePoint Online (Plan 1)	ff7a4f5b-4973-4241-8c43-80f2be39311d	5.00	4.20	6.40	3.80	NON-SPECIFIC	115627]]>
            </line>
            <line>
              <![CDATA[5	Windows 10 Enterprise E5	f7f342b3-177c-41f2-8896-7b06c54fc977	14.00	13.80	18.80	12.30	NON-SPECIFIC	144996]]>
            </line>
            <line>
              <![CDATA[6	Office 365 ProPlus	be57ff4c-100c-4f1f-b82d-f1c5ab63a665	12.00	12.90	17.40	11.50	NON-SPECIFIC	115659]]>
            </line>
            <line>
              <![CDATA[7	Windows 10 Enterprise E3	62F28745-3F17-4337-BE15-EA4B8C8DC872	7.00	5.90	8.90	5.30	NON-SPECIFIC	144996]]>
            </line>
            <line>
              <![CDATA[8	OneDrive for Business (Plan 2)	bf1f6907-1f8e-4f05-b327-4896d1395c15	10.00	8.40	12.70	7.50	NON-SPECIFIC	119479]]>
            </line>
            <line>
              <![CDATA[9	Visio Pro for Office 365	b4d4b7f4-4089-43b6-9c44-de97b760fb11	13.00	11.00	16.60	9.80	NON-SPECIFIC	89115]]>
            </line>
            <line>
              <![CDATA[10	Office 365 Enterprise E4	8909e28e-5832-42f4-9886-b0a5545f3645	22.00	21.60	29.60	19.30	NON-SPECIFIC	115659]]>
            </line>
            <line>
              <![CDATA[11	Office 365 Business	5c9fd4cc-edce-44a8-8e91-07df09744609	8.30	8.80	12.00	7.90	NON-SPECIFIC	115619]]>
            </line>
            <line>
              <![CDATA[12	Exchange Online Plan 2	2f707c7c-2433-49a5-a437-9ca7cf40d3eb	8.00	6.80	10.20	6.00	NON-SPECIFIC	115611]]>
            </line>
            <line>
              <![CDATA[13	Office 365 Enterprise E1	91fd106f-4b2c-4938-95ac-f54f74e9a239	8.00	6.80	10.20	6.00	NON-SPECIFIC	115659]]>
            </line>
            <line>
              <![CDATA[14	SharePoint Online (Plan 2)	69c67983-cf78-4102-83f6-3e5fd246864f	10.00	8.40	12.70	7.50	NON-SPECIFIC	115627]]>
            </line>
            <line>
              <![CDATA[15	Office 365 Business Premium	031c9e47-4802-4248-838e-778fb1d2cc05	12.50	10.60	15.90	9.40	NON-SPECIFIC	115619]]>
            </line>
            <line>
              <![CDATA[16	Office 365 Business Essentials	bd938f12-058f-4927-bba3-ae36b1d2501c	5.00	4.20	6.40	3.80	NON-SPECIFIC	115619]]>
            </line>
            <line>
              <![CDATA[17	Power BI Pro	800f4f3b-cfe1-42c1-9cea-675512810488	10.00	8.40	12.70	7.50	NON-SPECIFIC	115623]]>
            </line>
            <line>
              <![CDATA[18	Office 365 Enterprise E3	796b6b5f-613c-4e24-a17c-eba730d49c02	20.00	19.70	26.90	17.60	NON-SPECIFIC	115659]]>
            </line>
            <line>
              <![CDATA[19	Skype for Business Online (Plan 1)	aca0c06c-890d-4abb-83cf-bc519a2565e5	2.00	1.70	2.60	1.50	NON-SPECIFIC	115631]]>
            </line>
            <line>
              <![CDATA[20	OneDrive for Business (Plan 1)	90d3615e-aa96-478e-b6ce-8eb1e9a96b4b	5.00	4.20	6.40	3.80	NON-SPECIFIC	119479]]>
            </line>
            <line>
              <![CDATA[21	Office 365 Enterprise E5	a044b16a-1861-4308-8086-a3a3b506fac2	35.00	34.40	47.00	30.80	NON-SPECIFIC	115659]]>
            </line>
          </reporter-output>
        </test-method> <!-- sheetAccess -->
        <test-method status="PASS" signature="loadBrowser()[pri:0, instance:com.appdirect.automatePricing.AutomatePrices@72d818d1]" name="loadBrowser" is-config="true" duration-ms="974" started-at="2017-05-11T18:12:54Z" finished-at="2017-05-11T18:12:55Z">
          <reporter-output>
          </reporter-output>
        </test-method> <!-- loadBrowser -->
        <test-method status="FAIL" signature="testMarketplacePrice()[pri:0, instance:com.appdirect.automatePricing.AutomatePrices@72d818d1]" name="testMarketplacePrice" duration-ms="191561" started-at="2017-05-11T18:12:55Z" finished-at="2017-05-11T18:16:06Z">
          <exception class="com.google.api.client.auth.oauth2.TokenResponseException">
            <message>
              <![CDATA[401 Unauthorized]]>
            </message>
            <full-stacktrace>
              <![CDATA[com.google.api.client.auth.oauth2.TokenResponseException: 401 Unauthorized
	at com.google.api.client.auth.oauth2.TokenResponseException.from(TokenResponseException.java:105)
	at com.google.api.client.auth.oauth2.TokenRequest.executeUnparsed(TokenRequest.java:287)
	at com.google.api.client.auth.oauth2.TokenRequest.execute(TokenRequest.java:307)
	at com.google.api.client.auth.oauth2.Credential.executeRefreshToken(Credential.java:570)
	at com.google.api.client.auth.oauth2.Credential.refreshToken(Credential.java:489)
	at com.google.api.client.auth.oauth2.Credential.intercept(Credential.java:217)
	at com.google.api.client.http.HttpRequest.execute(HttpRequest.java:868)
	at com.google.api.client.googleapis.media.MediaHttpUploader.executeCurrentRequestWithoutGZip(MediaHttpUploader.java:545)
	at com.google.api.client.googleapis.media.MediaHttpUploader.executeCurrentRequest(MediaHttpUploader.java:562)
	at com.google.api.client.googleapis.media.MediaHttpUploader.executeUploadInitiation(MediaHttpUploader.java:519)
	at com.google.api.client.googleapis.media.MediaHttpUploader.resumableUpload(MediaHttpUploader.java:384)
	at com.google.api.client.googleapis.media.MediaHttpUploader.upload(MediaHttpUploader.java:336)
	at com.google.api.client.googleapis.services.AbstractGoogleClientRequest.executeUnparsed(AbstractGoogleClientRequest.java:427)
	at com.google.api.client.googleapis.services.AbstractGoogleClientRequest.executeUnparsed(AbstractGoogleClientRequest.java:352)
	at com.google.api.client.googleapis.services.AbstractGoogleClientRequest.execute(AbstractGoogleClientRequest.java:469)
	at com.appdirect.sendbydrive.GoogleDriveAccess.googleDrive(GoogleDriveAccess.java:86)
	at com.appdirect.microsoft.pages.HomePage.gotoProfile(HomePage.java:63)
	at com.appdirect.automatePricing.AutomatePrices.testMarketplacePrice(AutomatePrices.java:43)
	at sun.reflect.NativeMethodAccessorImpl.invoke0(Native Method)
	at sun.reflect.NativeMethodAccessorImpl.invoke(NativeMethodAccessorImpl.java:62)
	at sun.reflect.DelegatingMethodAccessorImpl.invoke(DelegatingMethodAccessorImpl.java:43)
	at java.lang.reflect.Method.invoke(Method.java:498)
	at org.testng.internal.MethodInvocationHelper.invokeMethod(MethodInvocationHelper.java:108)
	at org.testng.internal.Invoker.invokeMethod(Invoker.java:661)
	at org.testng.internal.Invoker.invokeTestMethod(Invoker.java:869)
	at org.testng.internal.Invoker.invokeTestMethods(Invoker.java:1193)
	at org.testng.internal.TestMethodWorker.invokeTestMethods(TestMethodWorker.java:126)
	at org.testng.internal.TestMethodWorker.run(TestMethodWorker.java:109)
	at org.testng.TestRunner.privateRun(TestRunner.java:744)
	at org.testng.TestRunner.run(TestRunner.java:602)
	at org.testng.SuiteRunner.runTest(SuiteRunner.java:380)
	at org.testng.SuiteRunner.runSequentially(SuiteRunner.java:375)
	at org.testng.SuiteRunner.privateRun(SuiteRunner.java:340)
	at org.testng.SuiteRunner.run(SuiteRunner.java:289)
	at org.testng.SuiteRunnerWorker.runSuite(SuiteRunnerWorker.java:52)
	at org.testng.SuiteRunnerWorker.run(SuiteRunnerWorker.java:86)
	at org.testng.TestNG.runSuitesSequentially(TestNG.java:1301)
	at org.testng.TestNG.runSuitesLocally(TestNG.java:1226)
	at org.testng.TestNG.runSuites(TestNG.java:1144)
	at org.testng.TestNG.run(TestNG.java:1115)
	at org.testng.remote.AbstractRemoteTestNG.run(AbstractRemoteTestNG.java:132)
	at org.testng.remote.RemoteTestNG.initAndRun(RemoteTestNG.java:230)
	at org.testng.remote.RemoteTestNG.main(RemoteTestNG.java:76)
]]>
            </full-stacktrace>
          </exception> <!-- com.google.api.client.auth.oauth2.TokenResponseException -->
          <reporter-output>
            <line>
              <![CDATA[2017-05-11 18:13:10.782	[Info]	Clicked log in button on Home Page]]>
            </line>
            <line>
              <![CDATA[2017-05-11 18:13:11.183	[Info]	Clicked Log In button on Login Page]]>
            </line>
            <line>
              <![CDATA[

115631]]>
            </line>
            <line>
              <![CDATA[2017-05-11 18:13:11.184	[Info]	
1	Opening: Skype for Business Online (Plan 2)
Offer id:14c61739-b45a-42c0-832c-d330972d3173]]>
            </line>
            <line>
              <![CDATA[Edition Not Found]]>
            </line>
            <line>
              <![CDATA[

115611]]>
            </line>
            <line>
              <![CDATA[2017-05-11 18:13:22.601	[Info]	
2	Opening: Exchange Online Plan 1
Offer id:195416c1-3447-423a-b37b-ee59a99a19c4]]>
            </line>
            <line>
              <![CDATA[Exchange Online Plan 1]]>
            </line>
            <line>
              <![CDATA[Id matching]]>
            </line>
            <line>
              <![CDATA[USD	[OLD VALUE] : 4  [NEW VALUE] :4.00]]>
            </line>
            <line>
              <![CDATA[EUR	[OLD VALUE] : 0  [NEW VALUE] :3.40]]>
            </line>
            <line>
              <![CDATA[GBP	[OLD VALUE] : 0  [NEW VALUE] :3.00]]>
            </line>
            <line>
              <![CDATA[AUD	[OLD VALUE] : 0  [NEW VALUE] :5.10]]>
            </line>
            <line>
              <![CDATA[Prices are changed for EUR,GBP,AUD]]>
            </line>
            <line>
              <![CDATA[

135632]]>
            </line>
            <line>
              <![CDATA[2017-05-11 18:13:30.689	[Info]	
3	Opening: Exchange Online Protection
Offer id:d903a2db-bf6f-4434-83f1-21ba44017813]]>
            </line>
            <line>
              <![CDATA[Exchange Online Protection]]>
            </line>
            <line>
              <![CDATA[Id matching]]>
            </line>
            <line>
              <![CDATA[USD	[OLD VALUE] : 1  [NEW VALUE] :1.00]]>
            </line>
            <line>
              <![CDATA[EUR	[OLD VALUE] : 0  [NEW VALUE] :0.90]]>
            </line>
            <line>
              <![CDATA[GBP	[OLD VALUE] : 0  [NEW VALUE] :0.80]]>
            </line>
            <line>
              <![CDATA[AUD	[OLD VALUE] : 0  [NEW VALUE] :1.30]]>
            </line>
            <line>
              <![CDATA[Prices are changed for EUR,GBP,AUD]]>
            </line>
            <line>
              <![CDATA[

115627]]>
            </line>
            <line>
              <![CDATA[2017-05-11 18:13:40.803	[Info]	
4	Opening: SharePoint Online (Plan 1)
Offer id:ff7a4f5b-4973-4241-8c43-80f2be39311d]]>
            </line>
            <line>
              <![CDATA[SharePoint Online (Plan 1)]]>
            </line>
            <line>
              <![CDATA[Id matching]]>
            </line>
            <line>
              <![CDATA[USD	[OLD VALUE] : 5  [NEW VALUE] :5.00]]>
            </line>
            <line>
              <![CDATA[EUR	[OLD VALUE] : 10  [NEW VALUE] :4.20]]>
            </line>
            <line>
              <![CDATA[GBP	[OLD VALUE] : 10  [NEW VALUE] :3.80]]>
            </line>
            <line>
              <![CDATA[AUD	[OLD VALUE] : 10  [NEW VALUE] :6.40]]>
            </line>
            <line>
              <![CDATA[Prices are changed for EUR,GBP,AUD]]>
            </line>
            <line>
              <![CDATA[

144996]]>
            </line>
            <line>
              <![CDATA[2017-05-11 18:13:50.173	[Info]	
5	Opening: Windows 10 Enterprise E5
Offer id:f7f342b3-177c-41f2-8896-7b06c54fc977]]>
            </line>
            <line>
              <![CDATA[Windows 10 Enterprise E5]]>
            </line>
            <line>
              <![CDATA[Id matching]]>
            </line>
            <line>
              <![CDATA[USD	[OLD VALUE] : 14  [NEW VALUE] :14.00]]>
            </line>
            <line>
              <![CDATA[EUR	[OLD VALUE] : 0  [NEW VALUE] :13.80]]>
            </line>
            <line>
              <![CDATA[GBP	[OLD VALUE] : 0  [NEW VALUE] :12.30]]>
            </line>
            <line>
              <![CDATA[AUD	[OLD VALUE] : 0  [NEW VALUE] :18.80]]>
            </line>
            <line>
              <![CDATA[Prices are changed for EUR,GBP,AUD]]>
            </line>
            <line>
              <![CDATA[

115659]]>
            </line>
            <line>
              <![CDATA[2017-05-11 18:13:58.425	[Info]	
6	Opening: Office 365 ProPlus
Offer id:be57ff4c-100c-4f1f-b82d-f1c5ab63a665]]>
            </line>
            <line>
              <![CDATA[Office 365 ProPlus]]>
            </line>
            <line>
              <![CDATA[Id matching]]>
            </line>
            <line>
              <![CDATA[USD	[OLD VALUE] : 12  [NEW VALUE] :12.00]]>
            </line>
            <line>
              <![CDATA[EUR	[OLD VALUE] : 0  [NEW VALUE] :12.90]]>
            </line>
            <line>
              <![CDATA[GBP	[OLD VALUE] : 0  [NEW VALUE] :11.50]]>
            </line>
            <line>
              <![CDATA[AUD	[OLD VALUE] : 0  [NEW VALUE] :17.40]]>
            </line>
            <line>
              <![CDATA[Prices are changed for EUR,GBP,AUD]]>
            </line>
            <line>
              <![CDATA[

144996]]>
            </line>
            <line>
              <![CDATA[2017-05-11 18:14:07.123	[Info]	
7	Opening: Windows 10 Enterprise E3
Offer id:62F28745-3F17-4337-BE15-EA4B8C8DC872]]>
            </line>
            <line>
              <![CDATA[Windows 10 Enterprise E3]]>
            </line>
            <line>
              <![CDATA[Id matching]]>
            </line>
            <line>
              <![CDATA[USD	[OLD VALUE] : 7  [NEW VALUE] :7.00]]>
            </line>
            <line>
              <![CDATA[EUR	[OLD VALUE] : 0  [NEW VALUE] :5.90]]>
            </line>
            <line>
              <![CDATA[GBP	[OLD VALUE] : 0  [NEW VALUE] :5.30]]>
            </line>
            <line>
              <![CDATA[AUD	[OLD VALUE] : 0  [NEW VALUE] :8.90]]>
            </line>
            <line>
              <![CDATA[Prices are changed for EUR,GBP,AUD]]>
            </line>
            <line>
              <![CDATA[

119479]]>
            </line>
            <line>
              <![CDATA[2017-05-11 18:14:15.911	[Info]	
8	Opening: OneDrive for Business (Plan 2)
Offer id:bf1f6907-1f8e-4f05-b327-4896d1395c15]]>
            </line>
            <line>
              <![CDATA[OneDrive for Business (Plan 2)]]>
            </line>
            <line>
              <![CDATA[Id matching]]>
            </line>
            <line>
              <![CDATA[USD	[OLD VALUE] : 10  [NEW VALUE] :10.00]]>
            </line>
            <line>
              <![CDATA[EUR	[OLD VALUE] : 0  [NEW VALUE] :8.40]]>
            </line>
            <line>
              <![CDATA[GBP	[OLD VALUE] : 0  [NEW VALUE] :7.50]]>
            </line>
            <line>
              <![CDATA[AUD	[OLD VALUE] : 0  [NEW VALUE] :12.70]]>
            </line>
            <line>
              <![CDATA[Prices are changed for EUR,GBP,AUD]]>
            </line>
            <line>
              <![CDATA[

89115]]>
            </line>
            <line>
              <![CDATA[2017-05-11 18:14:23.92	[Info]	
9	Opening: Visio Pro for Office 365
Offer id:b4d4b7f4-4089-43b6-9c44-de97b760fb11]]>
            </line>
            <line>
              <![CDATA[Visio Pro for Office 365]]>
            </line>
            <line>
              <![CDATA[Id matching]]>
            </line>
            <line>
              <![CDATA[USD	[OLD VALUE] : 13  [NEW VALUE] :13.00]]>
            </line>
            <line>
              <![CDATA[EUR	[OLD VALUE] : 0  [NEW VALUE] :11.00]]>
            </line>
            <line>
              <![CDATA[GBP	[OLD VALUE] : 0  [NEW VALUE] :9.80]]>
            </line>
            <line>
              <![CDATA[AUD	[OLD VALUE] : 0  [NEW VALUE] :16.60]]>
            </line>
            <line>
              <![CDATA[Prices are changed for EUR,GBP,AUD]]>
            </line>
            <line>
              <![CDATA[

115659]]>
            </line>
            <line>
              <![CDATA[2017-05-11 18:14:32.534	[Info]	
10	Opening: Office 365 Enterprise E4
Offer id:8909e28e-5832-42f4-9886-b0a5545f3645]]>
            </line>
            <line>
              <![CDATA[Office 365 Enterprise E4]]>
            </line>
            <line>
              <![CDATA[Id matching]]>
            </line>
            <line>
              <![CDATA[USD	[OLD VALUE] : 22  [NEW VALUE] :22.00]]>
            </line>
            <line>
              <![CDATA[EUR	[OLD VALUE] : 0  [NEW VALUE] :21.60]]>
            </line>
            <line>
              <![CDATA[GBP	[OLD VALUE] : 0  [NEW VALUE] :19.30]]>
            </line>
            <line>
              <![CDATA[AUD	[OLD VALUE] : 0  [NEW VALUE] :29.60]]>
            </line>
            <line>
              <![CDATA[Prices are changed for EUR,GBP,AUD]]>
            </line>
            <line>
              <![CDATA[

115619]]>
            </line>
            <line>
              <![CDATA[2017-05-11 18:14:41.406	[Info]	
11	Opening: Office 365 Business
Offer id:5c9fd4cc-edce-44a8-8e91-07df09744609]]>
            </line>
            <line>
              <![CDATA[Office 365 Business]]>
            </line>
            <line>
              <![CDATA[Id matching]]>
            </line>
            <line>
              <![CDATA[USD	[OLD VALUE] : 8.3  [NEW VALUE] :8.30]]>
            </line>
            <line>
              <![CDATA[EUR	[OLD VALUE] : 0  [NEW VALUE] :8.80]]>
            </line>
            <line>
              <![CDATA[GBP	[OLD VALUE] : 0  [NEW VALUE] :7.90]]>
            </line>
            <line>
              <![CDATA[AUD	[OLD VALUE] : 0  [NEW VALUE] :12.00]]>
            </line>
            <line>
              <![CDATA[Prices are changed for EUR,GBP,AUD]]>
            </line>
            <line>
              <![CDATA[

115611]]>
            </line>
            <line>
              <![CDATA[2017-05-11 18:14:50.49	[Info]	
12	Opening: Exchange Online Plan 2
Offer id:2f707c7c-2433-49a5-a437-9ca7cf40d3eb]]>
            </line>
            <line>
              <![CDATA[Exchange Online Plan 2]]>
            </line>
            <line>
              <![CDATA[Id matching]]>
            </line>
            <line>
              <![CDATA[USD	[OLD VALUE] : 8  [NEW VALUE] :8.00]]>
            </line>
            <line>
              <![CDATA[EUR	[OLD VALUE] : 0  [NEW VALUE] :6.80]]>
            </line>
            <line>
              <![CDATA[GBP	[OLD VALUE] : 0  [NEW VALUE] :6.00]]>
            </line>
            <line>
              <![CDATA[AUD	[OLD VALUE] : 0  [NEW VALUE] :10.20]]>
            </line>
            <line>
              <![CDATA[Prices are changed for EUR,GBP,AUD]]>
            </line>
            <line>
              <![CDATA[

115659]]>
            </line>
            <line>
              <![CDATA[2017-05-11 18:14:59.313	[Info]	
13	Opening: Office 365 Enterprise E1
Offer id:91fd106f-4b2c-4938-95ac-f54f74e9a239]]>
            </line>
            <line>
              <![CDATA[Office 365 Enterprise E1]]>
            </line>
            <line>
              <![CDATA[Id matching]]>
            </line>
            <line>
              <![CDATA[USD	[OLD VALUE] : 8  [NEW VALUE] :8.00]]>
            </line>
            <line>
              <![CDATA[EUR	[OLD VALUE] : 0  [NEW VALUE] :6.80]]>
            </line>
            <line>
              <![CDATA[GBP	[OLD VALUE] : 0  [NEW VALUE] :6.00]]>
            </line>
            <line>
              <![CDATA[AUD	[OLD VALUE] : 0  [NEW VALUE] :10.20]]>
            </line>
            <line>
              <![CDATA[Prices are changed for EUR,GBP,AUD]]>
            </line>
            <line>
              <![CDATA[

115627]]>
            </line>
            <line>
              <![CDATA[2017-05-11 18:15:08.045	[Info]	
14	Opening: SharePoint Online (Plan 2)
Offer id:69c67983-cf78-4102-83f6-3e5fd246864f]]>
            </line>
            <line>
              <![CDATA[SharePoint Online (Plan 2)]]>
            </line>
            <line>
              <![CDATA[Id matching]]>
            </line>
            <line>
              <![CDATA[USD	[OLD VALUE] : 10  [NEW VALUE] :10.00]]>
            </line>
            <line>
              <![CDATA[EUR	[OLD VALUE] : 0  [NEW VALUE] :8.40]]>
            </line>
            <line>
              <![CDATA[GBP	[OLD VALUE] : 0  [NEW VALUE] :7.50]]>
            </line>
            <line>
              <![CDATA[AUD	[OLD VALUE] : 0  [NEW VALUE] :12.70]]>
            </line>
            <line>
              <![CDATA[Prices are changed for EUR,GBP,AUD]]>
            </line>
            <line>
              <![CDATA[

115619]]>
            </line>
            <line>
              <![CDATA[2017-05-11 18:15:16.723	[Info]	
15	Opening: Office 365 Business Premium
Offer id:031c9e47-4802-4248-838e-778fb1d2cc05]]>
            </line>
            <line>
              <![CDATA[Office 365 Business Premium]]>
            </line>
            <line>
              <![CDATA[Id matching]]>
            </line>
            <line>
              <![CDATA[USD	[OLD VALUE] : 12.5  [NEW VALUE] :12.50]]>
            </line>
            <line>
              <![CDATA[EUR	[OLD VALUE] : 0  [NEW VALUE] :10.60]]>
            </line>
            <line>
              <![CDATA[GBP	[OLD VALUE] : 0  [NEW VALUE] :9.40]]>
            </line>
            <line>
              <![CDATA[AUD	[OLD VALUE] : 0  [NEW VALUE] :15.90]]>
            </line>
            <line>
              <![CDATA[Prices are changed for EUR,GBP,AUD]]>
            </line>
            <line>
              <![CDATA[

115619]]>
            </line>
            <line>
              <![CDATA[2017-05-11 18:15:25.363	[Info]	
16	Opening: Office 365 Business Essentials
Offer id:bd938f12-058f-4927-bba3-ae36b1d2501c]]>
            </line>
            <line>
              <![CDATA[Office 365 Business Essentials]]>
            </line>
            <line>
              <![CDATA[Id matching]]>
            </line>
            <line>
              <![CDATA[USD	[OLD VALUE] : 5  [NEW VALUE] :5.00]]>
            </line>
            <line>
              <![CDATA[EUR	[OLD VALUE] : 0  [NEW VALUE] :4.20]]>
            </line>
            <line>
              <![CDATA[GBP	[OLD VALUE] : 0  [NEW VALUE] :3.80]]>
            </line>
            <line>
              <![CDATA[AUD	[OLD VALUE] : 0  [NEW VALUE] :6.40]]>
            </line>
            <line>
              <![CDATA[Prices are changed for EUR,GBP,AUD]]>
            </line>
            <line>
              <![CDATA[

115623]]>
            </line>
            <line>
              <![CDATA[2017-05-11 18:15:35.302	[Info]	
17	Opening: Power BI Pro
Offer id:800f4f3b-cfe1-42c1-9cea-675512810488]]>
            </line>
            <line>
              <![CDATA[Power BI Pro]]>
            </line>
            <line>
              <![CDATA[Id matching]]>
            </line>
            <line>
              <![CDATA[USD	[OLD VALUE] : 10  [NEW VALUE] :10.00]]>
            </line>
            <line>
              <![CDATA[EUR	[OLD VALUE] : 10  [NEW VALUE] :8.40]]>
            </line>
            <line>
              <![CDATA[GBP	[OLD VALUE] : 10  [NEW VALUE] :7.50]]>
            </line>
            <line>
              <![CDATA[AUD	[OLD VALUE] : 10  [NEW VALUE] :12.70]]>
            </line>
            <line>
              <![CDATA[Prices are changed for EUR,GBP,AUD]]>
            </line>
            <line>
              <![CDATA[

115659]]>
            </line>
            <line>
              <![CDATA[2017-05-11 18:15:43.798	[Info]	
18	Opening: Office 365 Enterprise E3
Offer id:796b6b5f-613c-4e24-a17c-eba730d49c02]]>
            </line>
            <line>
              <![CDATA[Office 365 Enterprise E3]]>
            </line>
            <line>
              <![CDATA[Id matching]]>
            </line>
            <line>
              <![CDATA[USD	[OLD VALUE] : 20  [NEW VALUE] :20.00]]>
            </line>
            <line>
              <![CDATA[EUR	[OLD VALUE] : 0  [NEW VALUE] :19.70]]>
            </line>
            <line>
              <![CDATA[GBP	[OLD VALUE] : 0  [NEW VALUE] :17.60]]>
            </line>
            <line>
              <![CDATA[AUD	[OLD VALUE] : 0  [NEW VALUE] :26.90]]>
            </line>
            <line>
              <![CDATA[Prices are changed for EUR,GBP,AUD]]>
            </line>
            <line>
              <![CDATA[

115631]]>
            </line>
            <line>
              <![CDATA[2017-05-11 18:15:52.487	[Info]	
19	Opening: Skype for Business Online (Plan 1)
Offer id:aca0c06c-890d-4abb-83cf-bc519a2565e5]]>
            </line>
            <line>
              <![CDATA[Edition Not Found]]>
            </line>
            <line>
              <![CDATA[

119479]]>
            </line>
            <line>
              <![CDATA[2017-05-11 18:15:59.265	[Info]	
20	Opening: OneDrive for Business (Plan 1)
Offer id:90d3615e-aa96-478e-b6ce-8eb1e9a96b4b]]>
            </line>
            <line>
              <![CDATA[2017-05-11 18:16:02.822	[Exception]	Skipped: Page Load Failurestale element reference: element is not attached to the page document
  (Session info: chrome=57.0.2987.133)
  (Driver info: chromedriver=2.28.455517 (2c6d2707d8ea850c862f04ac066724273981e88f),platform=Mac OS X 10.11.6 x86_64) (WARNING: The server did not provide any stacktrace information)
Command duration or timeout: 61 milliseconds
For documentation on this error, please visit: http://seleniumhq.org/exceptions/stale_element_reference.html
Build info: version: '3.3.1', revision: '5234b325d5', time: '2017-03-10 09:10:29 +0000'
System info: host: 'PUNGUPTA.local', ip: 'fe80:0:0:0:4e32:75ff:fe9d:6ea9%en0', os.name: 'Mac OS X', os.arch: 'x86_64', os.version: '10.11.6', java.version: '1.8.0_121'
Driver info: org.openqa.selenium.chrome.ChromeDriver
Capabilities [{applicationCacheEnabled=false, rotatable=false, mobileEmulationEnabled=false, networkConnectionEnabled=false, chrome={chromedriverVersion=2.28.455517 (2c6d2707d8ea850c862f04ac066724273981e88f), userDataDir=/var/folders/sj/zs2h_5hn12bf_5_kbspwy2s167z4_1/T/.org.chromium.Chromium.rSewlg}, takesHeapSnapshot=true, pageLoadStrategy=normal, databaseEnabled=false, handlesAlerts=true, hasTouchScreen=false, version=57.0.2987.133, platform=MAC, browserConnectionEnabled=false, nativeEvents=true, acceptSslCerts=true, locationContextEnabled=true, webStorageEnabled=true, browserName=chrome, takesScreenshot=true, javascriptEnabled=true, cssSelectorsEnabled=true, unexpectedAlertBehaviour=}]
Session ID: 5874b276fad553cd733c749c21617759]]>
            </line>
            <line>
              <![CDATA[Edition Not Found]]>
            </line>
            <line>
              <![CDATA[

115659]]>
            </line>
            <line>
              <![CDATA[2017-05-11 18:16:02.823	[Info]	
21	Opening: Office 365 Enterprise E5
Offer id:a044b16a-1861-4308-8086-a3a3b506fac2]]>
            </line>
            <line>
              <![CDATA[Edition Not Found]]>
            </line>
            <line>
              <![CDATA[2017-05-11 18:16:06.173	[Info]	
Total Editions= 368 Edition with App Id=21 Editions Found= 18]]>
            </line>
            <line>
              <![CDATA[CSV file was created successfully !!!]]>
            </line>
          </reporter-output>
        </test-method> <!-- testMarketplacePrice -->
      </class> <!-- com.appdirect.automatePricing.AutomatePrices -->
    </test> <!-- Default test -->
  </suite> <!-- Default suite -->
</testng-results>
